
Showing logs for build [32mcb-kubecd-environment-pr-5485-1-4md6z-1[0m stage [32mmeta-pipeline[0m and container [32mstep-credential-initializer-6tx7f[0m
{"level":"warn","ts":1568456904.5689716,"logger":"fallback-logger","caller":"logging/config.go:69","msg":"Fetch GitHub commit ID from kodata failed: \"ref: refs/heads/master\" is not a valid GitHub commit ID"}
{"level":"info","ts":1568456904.569508,"logger":"fallback-logger","caller":"creds-init/main.go:40","msg":"Credentials initialized."}

Showing logs for build [32mcb-kubecd-environment-pr-5485-1-4md6z-1[0m stage [32mmeta-pipeline[0m and container [32mstep-working-dir-initializer-7dmwl[0m
{"level":"warn","ts":1568456904.9998624,"logger":"fallback-logger","caller":"logging/config.go:69","msg":"Fetch GitHub commit ID from kodata failed: open /var/run/ko/HEAD: no such file or directory"}
{"level":"info","ts":1568456905.0046525,"logger":"fallback-logger","caller":"bash/main.go:65","msg":"Successfully executed command \"mkdir -p /workspace/source\""}

Showing logs for build [32mcb-kubecd-environment-pr-5485-1-4md6z-1[0m stage [32mmeta-pipeline[0m and container [32mstep-place-tools[0m

Showing logs for build [32mcb-kubecd-environment-pr-5485-1-4md6z-1[0m stage [32mmeta-pipeline[0m and container [32mstep-git-source-meta-cb-kubecd-environment-pr-5-jcfvs[0m
{"level":"warn","ts":1568456911.1238556,"logger":"fallback-logger","caller":"logging/config.go:69","msg":"Fetch GitHub commit ID from kodata failed: \"ref: refs/heads/master\" is not a valid GitHub commit ID"}
{"level":"info","ts":1568456912.1641142,"logger":"fallback-logger","caller":"git/git.go:102","msg":"Successfully cloned https://github.com/cb-kubecd/environment-pr-5485-11-tekton-gkebdd-production.git @ d890a70a5494975402efbb1f434c187271a1b0bc in path /workspace/source"}

Showing logs for build [32mcb-kubecd-environment-pr-5485-1-4md6z-1[0m stage [32mmeta-pipeline[0m and container [32mstep-git-merge[0m
Using SHAs from PULL_REFS=master:d890a70a5494975402efbb1f434c187271a1b0bc,1:d2d7207c36750531ac48456c7eb45be3fc77233a
DEBUG: ran git fetch --unshallow origin d2d7207c36750531ac48456c7eb45be3fc77233a: d890a70a5494975402efbb1f434c187271a1b0bc: in 
DEBUG: ran git checkout master in 
DEBUG: ran git reset --hard d890a70a5494975402efbb1f434c187271a1b0bc in 
DEBUG: ran clean --force -d . in 
DEBUG: ran git merge d2d7207c36750531ac48456c7eb45be3fc77233a in 
Merged SHA d2d7207c36750531ac48456c7eb45be3fc77233a with commit message 'chore: Promote bdd-spring-1568456269 to version 0.0.1' into base branch master

Showing logs for build [32mcb-kubecd-environment-pr-5485-1-4md6z-1[0m stage [32mmeta-pipeline[0m and container [32mstep-merge-pull-refs[0m
DEBUG: ran git fetch origin d2d7207c36750531ac48456c7eb45be3fc77233a: d890a70a5494975402efbb1f434c187271a1b0bc: in 
DEBUG: Unshallowed git repo in 
DEBUG: ran git checkout master in 
DEBUG: ran git reset --hard d890a70a5494975402efbb1f434c187271a1b0bc in 
DEBUG: ran clean --force -d . in 
DEBUG: ran git merge d2d7207c36750531ac48456c7eb45be3fc77233a in 
Merged SHA d2d7207c36750531ac48456c7eb45be3fc77233a with commit message 'chore: Promote bdd-spring-1568456269 to version 0.0.1' into base branch master

Showing logs for build [32mcb-kubecd-environment-pr-5485-1-4md6z-1[0m stage [32mmeta-pipeline[0m and container [32mstep-create-effective-pipeline[0m
Deleting and cloning the Jenkins X versions repo
Cloning the Jenkins X versions repo https://github.com/jenkins-x/jenkins-x-versions.git with ref refs/heads/master to /builder/home/.**/jenkins-x-versions
selected pack: /builder/home/.**/draft/packs/github.com/jenkins-x-buildpacks/jenkins-x-kubernetes/packs/environment
Effective pipeline written to jenkins-x-promotion-build-effective.yml

Showing logs for build [32mcb-kubecd-environment-pr-5485-1-4md6z-1[0m stage [32mmeta-pipeline[0m and container [32mstep-create-tekton-crds[0m
PipelineActivity for cb-kubecd-environment-pr-5485-11-tekton-gkebdd-production-PR-1-1
Applying changes 
upserted PipelineResource cb-kubecd-environment-pr-5485-1 for the git repository https://github.com/cb-kubecd/environment-pr-5485-11-tekton-gkebdd-production.git
upserted Task cb-kubecd-environment-pr-5485-1-4md6z-from-build-pack-1
upserted Pipeline cb-kubecd-environment-pr-5485-1-4md6z-1
created PipelineRun cb-kubecd-environment-pr-5485-1-4md6z-1
created PipelineStructure cb-kubecd-environment-pr-5485-1-4md6z-1

Showing logs for build [32mcb-kubecd-environment-pr-5485-1-4md6z-1[0m stage [32mfrom-build-pack[0m and container [32mstep-credential-initializer-p7kxx[0m
{"level":"warn","ts":1568456926.0529292,"logger":"fallback-logger","caller":"logging/config.go:69","msg":"Fetch GitHub commit ID from kodata failed: \"ref: refs/heads/master\" is not a valid GitHub commit ID"}
{"level":"info","ts":1568456926.053581,"logger":"fallback-logger","caller":"creds-init/main.go:40","msg":"Credentials initialized."}

Showing logs for build [32mcb-kubecd-environment-pr-5485-1-4md6z-1[0m stage [32mfrom-build-pack[0m and container [32mstep-working-dir-initializer-kcrj7[0m
{"level":"warn","ts":1568456927.3699899,"logger":"fallback-logger","caller":"logging/config.go:69","msg":"Fetch GitHub commit ID from kodata failed: open /var/run/ko/HEAD: no such file or directory"}
{"level":"info","ts":1568456927.3716211,"logger":"fallback-logger","caller":"bash/main.go:65","msg":"Successfully executed command \"mkdir -p /workspace/source /workspace/source/env\""}

Showing logs for build [32mcb-kubecd-environment-pr-5485-1-4md6z-1[0m stage [32mfrom-build-pack[0m and container [32mstep-place-tools[0m

Showing logs for build [32mcb-kubecd-environment-pr-5485-1-4md6z-1[0m stage [32mfrom-build-pack[0m and container [32mstep-git-source-cb-kubecd-environment-pr-5485-1-jcsqv[0m
{"level":"warn","ts":1568456931.4913068,"logger":"fallback-logger","caller":"logging/config.go:69","msg":"Fetch GitHub commit ID from kodata failed: \"ref: refs/heads/master\" is not a valid GitHub commit ID"}
{"level":"info","ts":1568456932.5260952,"logger":"fallback-logger","caller":"git/git.go:102","msg":"Successfully cloned https://github.com/cb-kubecd/environment-pr-5485-11-tekton-gkebdd-production.git @ master in path /workspace/source"}

Showing logs for build [32mcb-kubecd-environment-pr-5485-1-4md6z-1[0m stage [32mfrom-build-pack[0m and container [32mstep-git-merge[0m
Using SHAs from PULL_REFS=master:d890a70a5494975402efbb1f434c187271a1b0bc,1:d2d7207c36750531ac48456c7eb45be3fc77233a
DEBUG: ran git fetch --unshallow origin d2d7207c36750531ac48456c7eb45be3fc77233a: d890a70a5494975402efbb1f434c187271a1b0bc: in 
DEBUG: ran git checkout master in 
DEBUG: ran git reset --hard d890a70a5494975402efbb1f434c187271a1b0bc in 
DEBUG: ran clean --force -d . in 
DEBUG: ran git merge d2d7207c36750531ac48456c7eb45be3fc77233a in 
Merged SHA d2d7207c36750531ac48456c7eb45be3fc77233a with commit message 'chore: Promote bdd-spring-1568456269 to version 0.0.1' into base branch master

Showing logs for build [32mcb-kubecd-environment-pr-5485-1-4md6z-1[0m stage [32mfrom-build-pack[0m and container [32mstep-build-helm-build[0m
WARNING: No $CHART_REPOSITORY defined so using the default value of: http://jenkins-x-chartmuseum:8080
Adding missing Helm repo: storage.googleapis.com https://storage.googleapis.com/chartmuseum.jenkins-x.io
Successfully added Helm repository storage.googleapis.com.
Adding missing Helm repo: jenkins-x-chartmuseum http://jenkins-x-chartmuseum:8080
Successfully added Helm repository jenkins-x-chartmuseum.
WARNING: No $CHART_REPOSITORY defined so using the default value of: http://jenkins-x-chartmuseum:8080
Adding missing Helm repo: chartmuseum.jenkins-x.io http://chartmuseum.jenkins-x.io
Successfully added Helm repository chartmuseum.jenkins-x.io.
